<?xml version="1.0" encoding="utf-8"?><testsuites name="pytest tests"><testsuite name="pytest" errors="0" failures="0" skipped="0" tests="32" time="107.518" timestamp="2026-09-05T21:31:58.283710+00:00" hostname="agent-env-b3bf0408-9698-4e81-b5fd-52feb207671b"><testcase classname="tests.backend_test" name="test_login_invalid" time="0.374" /><testcase classname="tests.backend_test" name="test_protected_requires_token" time="0.117" /><testcase classname="tests.backend_test" name="test_auth_me" time="0.482" /><testcase classname="tests.backend_test" name="test_dashboard_summary" time="0.099" /><testcase classname="tests.backend_test" name="test_plans_crud" time="0.449" /><testcase classname="tests.backend_test" name="test_routers_list_no_password" time="9.306" /><testcase classname="tests.backend_test" name="test_router_edit_keeps_password_when_empty" time="0.117" /><testcase classname="tests.backend_test" name="test_router_test_connection_offline" time="9.108" /><testcase classname="tests.backend_test" name="test_router_ping_offline" time="3.152" /><testcase classname="tests.backend_test" name="test_router_live_endpoints_502[interfaces]" time="6.151" /><testcase classname="tests.backend_test" name="test_router_live_endpoints_502[pppoe/active]" time="6.168" /><testcase classname="tests.backend_test" name="test_router_live_endpoints_502[pppoe/secrets]" time="6.143" /><testcase classname="tests.backend_test" name="test_router_live_endpoints_502[queues]" time="6.171" /><testcase classname="tests.backend_test" name="test_router_live_endpoints_502[dhcp-leases]" time="6.135" /><testcase classname="tests.backend_test" name="test_router_live_endpoints_502[address-list]" time="6.197" /><testcase classname="tests.backend_test" name="test_router_live_endpoints_502[hotspot/active]" time="6.136" /><testcase classname="tests.backend_test" name="test_sync_cuts" time="0.135" /><testcase classname="tests.backend_test" name="test_create_client_invoice_and_mikrotik" time="6.252" /><testcase classname="tests.backend_test" name="test_client_get_detail" time="0.146" /><testcase classname="tests.backend_test" name="test_client_search" time="0.093" /><testcase classname="tests.backend_test" name="test_client_toggle_status" time="12.249" /><testcase classname="tests.backend_test" name="test_invoices_list" time="0.184" /><testcase classname="tests.backend_test" name="test_payment_flow_and_double_pay" time="12.715" /><testcase classname="tests.backend_test" name="test_mass_generate_no_duplicates" time="0.271" /><testcase classname="tests.backend_test" name="test_mark_overdue" time="0.315" /><testcase classname="tests.backend_test" name="test_create_invoice_from_client" time="0.111" /><testcase classname="tests.backend_test" name="test_tickets_crud" time="0.404" /><testcase classname="tests.backend_test" name="test_inventory_autocode" time="0.230" /><testcase classname="tests.backend_test" name="test_hotspot_batch_no_router" time="0.897" /><testcase classname="tests.backend_test" name="test_tasks_autofill_client" time="0.261" /><testcase classname="tests.backend_test" name="test_messaging_templates" time="0.102" /><testcase classname="tests.backend_test" name="test_settings_get_and_update" time="6.741" /></testsuite></testsuites>